# JRE version: OpenJDK Runtime Environment Temurin-17.0.10+7 (17.0.10+7) (build 17.0.10+7)
# Java VM: OpenJDK 64-Bit Server VM Temurin-17.0.10+7 (17.0.10+7, mixed mode, emulated-client, tiered, compressed oops, compressed class ptrs, g1 gc, windows-amd64)
GC Precious Log:
 CPUs: 16 total, 16 available
 Memory: 15713M
 Large Page Support: Disabled
 NUMA Support: Disabled
 Compressed Oops: Enabled (32-bit)
 Heap Region Size: 1M
 Heap Min Capacity: 8M
 Heap Initial Capacity: 246M
 Heap Max Capacity: 1G
 Pre-touch: Disabled
 Parallel Workers: 13
 Concurrent Workers: 3
 Concurrent Refinement Workers: 13
 Periodic GC: Disabled
Heap:
 garbage-first heap   total 119808K, used 35931K [0x00000000c0000000, 0x0000000100000000)
  region size 1024K, 1 young (1024K), 0 survivors (0K)
 Metaspace       used 58960K, committed 59392K, reserved 1114112K
  class space    used 7334K, committed 7552K, reserved 1048576K
GC Heap History (20 events):
Event: 13420.321 GC heap before
{Heap before GC invocations=802 (full 744):
 garbage-first heap   total 119808K, used 35931K [0x00000000c0000000, 0x0000000100000000)
  region size 1024K, 1 young (1024K), 0 survivors (0K)
 Metaspace       used 58960K, committed 59392K, reserved 1114112K
  class space    used 7334K, committed 7552K, reserved 1048576K
}
Event: 13420.346 GC heap after
{Heap after GC invocations=803 (full 745):
 garbage-first heap   total 119808K, used 35931K [0x00000000c0000000, 0x0000000100000000)
  region size 1024K, 0 young (0K), 0 survivors (0K)
 Metaspace       used 58960K, committed 59392K, reserved 1114112K
  class space    used 7334K, committed 7552K, reserved 1048576K
}
Event: 13430.474 GC heap before
{Heap before GC invocations=803 (full 745):
 garbage-first heap   total 119808K, used 35931K [0x00000000c0000000, 0x0000000100000000)
  region size 1024K, 1 young (1024K), 0 survivors (0K)
 Metaspace       used 58960K, committed 59392K, reserved 1114112K
  class space    used 7334K, committed 7552K, reserved 1048576K
}
Event: 13430.502 GC heap after
{Heap after GC invocations=804 (full 746):
 garbage-first heap   total 119808K, used 35931K [0x00000000c0000000, 0x0000000100000000)
  region size 1024K, 0 young (0K), 0 survivors (0K)
 Metaspace       used 58960K, committed 59392K, reserved 1114112K
  class space    used 7334K, committed 7552K, reserved 1048576K
}
Event: 13440.625 GC heap before
{Heap before GC invocations=804 (full 746):
 garbage-first heap   total 119808K, used 35931K [0x00000000c0000000, 0x0000000100000000)
  region size 1024K, 1 young (1024K), 0 survivors (0K)
 Metaspace       used 58960K, committed 59392K, reserved 1114112K
  class space    used 7334K, committed 7552K, reserved 1048576K
}
Event: 13440.652 GC heap after
{Heap after GC invocations=805 (full 747):
 garbage-first heap   total 119808K, used 35931K [0x00000000c0000000, 0x0000000100000000)
  region size 1024K, 0 young (0K), 0 survivors (0K)
 Metaspace       used 58960K, committed 59392K, reserved 1114112K
  class space    used 7334K, committed 7552K, reserved 1048576K
}
Event: 13450.775 GC heap before
{Heap before GC invocations=805 (full 747):
 garbage-first heap   total 119808K, used 35931K [0x00000000c0000000, 0x0000000100000000)
  region size 1024K, 1 young (1024K), 0 survivors (0K)
 Metaspace       used 58960K, committed 59392K, reserved 1114112K
  class space    used 7334K, committed 7552K, reserved 1048576K
}
Event: 13450.803 GC heap after
{Heap after GC invocations=806 (full 748):
 garbage-first heap   total 119808K, used 35931K [0x00000000c0000000, 0x0000000100000000)
  region size 1024K, 0 young (0K), 0 survivors (0K)
 Metaspace       used 58960K, committed 59392K, reserved 1114112K
  class space    used 7334K, committed 7552K, reserved 1048576K
}
Event: 13460.922 GC heap before
{Heap before GC invocations=806 (full 748):
 garbage-first heap   total 119808K, used 35931K [0x00000000c0000000, 0x0000000100000000)
  region size 1024K, 1 young (1024K), 0 survivors (0K)
 Metaspace       used 58960K, committed 59392K, reserved 1114112K
  class space    used 7334K, committed 7552K, reserved 1048576K
}
Event: 13460.948 GC heap after
{Heap after GC invocations=807 (full 749):
 garbage-first heap   total 119808K, used 35931K [0x00000000c0000000, 0x0000000100000000)
  region size 1024K, 0 young (0K), 0 survivors (0K)
 Metaspace       used 58960K, committed 59392K, reserved 1114112K
  class space    used 7334K, committed 7552K, reserved 1048576K
}
Event: 13471.062 GC heap before
{Heap before GC invocations=807 (full 749):
 garbage-first heap   total 119808K, used 35931K [0x00000000c0000000, 0x0000000100000000)
  region size 1024K, 1 young (1024K), 0 survivors (0K)
 Metaspace       used 58960K, committed 59392K, reserved 1114112K
  class space    used 7334K, committed 7552K, reserved 1048576K
}
Event: 13471.088 GC heap after
{Heap after GC invocations=808 (full 750):
 garbage-first heap   total 119808K, used 35931K [0x00000000c0000000, 0x0000000100000000)
  region size 1024K, 0 young (0K), 0 survivors (0K)
 Metaspace       used 58960K, committed 59392K, reserved 1114112K
  class space    used 7334K, committed 7552K, reserved 1048576K
}
Event: 13481.212 GC heap before
{Heap before GC invocations=808 (full 750):
 garbage-first heap   total 119808K, used 35931K [0x00000000c0000000, 0x0000000100000000)
  region size 1024K, 1 young (1024K), 0 survivors (0K)
 Metaspace       used 58960K, committed 59392K, reserved 1114112K
  class space    used 7334K, committed 7552K, reserved 1048576K
}
Event: 13481.238 GC heap after
{Heap after GC invocations=809 (full 751):
 garbage-first heap   total 119808K, used 35931K [0x00000000c0000000, 0x0000000100000000)
  region size 1024K, 0 young (0K), 0 survivors (0K)
 Metaspace       used 58960K, committed 59392K, reserved 1114112K
  class space    used 7334K, committed 7552K, reserved 1048576K
}
Event: 13491.384 GC heap before
{Heap before GC invocations=809 (full 751):
 garbage-first heap   total 119808K, used 35931K [0x00000000c0000000, 0x0000000100000000)
  region size 1024K, 1 young (1024K), 0 survivors (0K)
 Metaspace       used 58960K, committed 59392K, reserved 1114112K
  class space    used 7334K, committed 7552K, reserved 1048576K
}
Event: 13491.415 GC heap after
{Heap after GC invocations=810 (full 752):
 garbage-first heap   total 119808K, used 35931K [0x00000000c0000000, 0x0000000100000000)
  region size 1024K, 0 young (0K), 0 survivors (0K)
 Metaspace       used 58960K, committed 59392K, reserved 1114112K
  class space    used 7334K, committed 7552K, reserved 1048576K
}
Event: 13501.543 GC heap before
{Heap before GC invocations=810 (full 752):
 garbage-first heap   total 119808K, used 35931K [0x00000000c0000000, 0x0000000100000000)
  region size 1024K, 1 young (1024K), 0 survivors (0K)
 Metaspace       used 58960K, committed 59392K, reserved 1114112K
  class space    used 7334K, committed 7552K, reserved 1048576K
}
Event: 13501.567 GC heap after
{Heap after GC invocations=811 (full 753):
 garbage-first heap   total 119808K, used 35931K [0x00000000c0000000, 0x0000000100000000)
  region size 1024K, 0 young (0K), 0 survivors (0K)
 Metaspace       used 58960K, committed 59392K, reserved 1114112K
  class space    used 7334K, committed 7552K, reserved 1048576K
}
Event: 13511.702 GC heap before
{Heap before GC invocations=811 (full 753):
 garbage-first heap   total 119808K, used 35931K [0x00000000c0000000, 0x0000000100000000)
  region size 1024K, 1 young (1024K), 0 survivors (0K)
 Metaspace       used 58960K, committed 59392K, reserved 1114112K
  class space    used 7334K, committed 7552K, reserved 1048576K
}
Event: 13511.731 GC heap after
{Heap after GC invocations=812 (full 754):
 garbage-first heap   total 119808K, used 35931K [0x00000000c0000000, 0x0000000100000000)
  region size 1024K, 0 young (0K), 0 survivors (0K)
 Metaspace       used 58960K, committed 59392K, reserved 1114112K
  class space    used 7334K, committed 7552K, reserved 1048576K
}

